<?xml version="1.0" encoding="UTF-8"?>
<testng-results total="1" passed="1" failed="0" skipped="0">
  <reporter-output>
  </reporter-output>
  <suite started-at="2020-04-24T01:00:44Z" name="Surefire suite" finished-at="2020-04-24T01:00:51Z" duration-ms="7337">
    <groups>
    </groups>
    <test started-at="2020-04-24T01:00:44Z" name="Surefire test" finished-at="2020-04-24T01:00:51Z" duration-ms="7337">
      <class name="cinemacatalog.CinemaCatalogApplicationTests">
        <test-method signature="testIndex()[pri:0, instance:testIndex(cinemacatalog.CinemaCatalogApplicationTests)]" started-at="2020-04-24T09:00:51Z" name="testIndex" finished-at="2020-04-24T09:00:51Z" duration-ms="24" status="PASS">
          <reporter-output>
          </reporter-output>
        </test-method> <!-- testIndex -->
      </class> <!-- cinemacatalog.CinemaCatalogApplicationTests -->
    </test> <!-- Surefire test -->
  </suite> <!-- Surefire suite -->
</testng-results>
